2020-07-07 06:27:59,366 [      0]   INFO -        #com.intellij.idea.Main - ------------------------------------------------------ IDE STARTED ------------------------------------------------------ 
2020-07-07 06:27:59,455 [     89]   INFO -        #com.intellij.idea.Main - IDE: IntelliJ IDEA (build #IC-193.6494.35, 11 Feb 2020 14:33) 
2020-07-07 06:27:59,456 [     90]   INFO -        #com.intellij.idea.Main - OS: Windows 10 (10.0, amd64) 
2020-07-07 06:27:59,456 [     90]   INFO -        #com.intellij.idea.Main - JRE: 11.0.5+10-b520.38 (JetBrains s.r.o) 
2020-07-07 06:27:59,456 [     90]   INFO -        #com.intellij.idea.Main - JVM: 11.0.5+10-b520.38 (OpenJDK 64-Bit Server VM) 
2020-07-07 06:27:59,457 [     91]   INFO -        #com.intellij.idea.Main - JVM Args: -Didea.auto.reload.plugins=true -Didea.classpath.index.enabled=false -Didea.config.path=C:\Users\vjh01\IdeaProjects\untitled6\build\idea-sandbox\config -Didea.is.internal=true -Didea.platform.prefix=Idea -Didea.plugins.path=C:\Users\vjh01\IdeaProjects\untitled6\build\idea-sandbox\plugins -Didea.required.plugins.id=com.vjh0107.untitled6 -Didea.system.path=C:\Users\vjh01\IdeaProjects\untitled6\build\idea-sandbox\system -Xms256m -Xmx512m -Dfile.encoding=x-windows-949 -Duser.country=KR -Duser.language=ko -Duser.variant -ea 
2020-07-07 06:27:59,457 [     91]   INFO -        #com.intellij.idea.Main - charsets: JNU=MS949 file=x-windows-949 
2020-07-07 06:27:59,640 [    274]   INFO -        #com.intellij.idea.Main - JNA library (64-bit) loaded in 256 ms 
2020-07-07 06:27:59,658 [    292]   INFO - penapi.util.io.win32.IdeaWin32 - Native filesystem for Windows is operational 
2020-07-07 06:27:59,760 [    394]   INFO - ntellij.idea.ApplicationLoader - CPU cores: 16; ForkJoinPool.commonPool: java.util.concurrent.ForkJoinPool@407ca634[Running, parallelism = 15, size = 0, active = 0, running = 0, steals = 0, tasks = 0, submissions = 0]; factory: com.intellij.concurrency.IdeaForkJoinWorkerThreadFactory@36d04303 
2020-07-07 06:27:59,895 [    529]   INFO - llij.ide.plugins.PluginManager - Plugin "Groovy" misses optional descriptor duplicates-groovy.xml 
2020-07-07 06:27:59,899 [    533]   INFO - llij.ide.plugins.PluginManager - Plugin "Groovy" misses optional descriptor duplicates-detection-groovy.xml 
2020-07-07 06:28:00,087 [    721]   INFO - llij.ide.plugins.PluginManager - Plugin "Java" misses optional descriptor profiler-java.xml 
2020-07-07 06:28:00,188 [    822]   INFO - llij.ide.plugins.PluginManager - Loaded bundled plugins: Android Support (10.3.5), Ant (193.6494.35), Bytecode Viewer (193.6494.35), ChangeReminder (193.6494.35), Configuration Script (193.6494.35), Copyright (193.6494.35), Coverage (193.6494.35), Eclipse Interoperability (193.6494.35), EditorConfig (193.6494.35), Git (193.6494.35), GitHub (193.6494.35), Gradle (193.6494.35), Gradle-Java (193.6494.35), Gradle-Maven (193.6494.35), Groovy (193.6494.35), IDEA CORE (193.6494.35), IntelliLang (193.6494.35), JUnit (193.6494.35), Java (193.6494.35), Java Bytecode Decompiler (193.6494.35), Java IDE Customization (193.6494.35), Java Internationalization (193.6494.35), Java Stream Debugger (193.6494.35), JavaFX (193.6494.35), Kotlin (1.3.61-release-IJ2019.3-1), Machine Learning Code Completion (193.6494.35), Markdown (193.6494.35), Maven (193.6494.35), Mercurial (193.6494.35), Plugin DevKit (193.6494.35), Properties (193.6494.35), Settings Repository (193.6494.35), Shell Script (193.6494.35), Smali Support (193.6494.35), Subversion (193.6494.35), Task Management (193.6494.35), Terminal (193.6494.35), TestNG (193.6494.35), TextMate bundles (193.6494.35), UI Designer (193.6494.35), XPathView + XSLT (193.6494.35), XSLT Debugger (193.6494.35), YAML (193.6494.35) 
2020-07-07 06:28:00,188 [    822]   INFO - llij.ide.plugins.PluginManager - Loaded custom plugins: Plugin display name here (1.0-SNAPSHOT) 
2020-07-07 06:28:00,747 [   1381]   INFO - ellij.util.io.PagedFileStorage - lower=100; upper=492; buffer=10; max=492 
2020-07-07 06:28:00,775 [   1409]   INFO - tellij.util.io.FileChannelUtil - un-interruptible FileChannel-s will be used for indexes 
2020-07-07 06:28:00,785 [   1419]   INFO - fs.newvfs.persistent.FSRecords - Marking VFS as corrupted: 'C:\Users\vjh01\IdeaProjects\untitled6\build\idea-sandbox\system\caches\names.dat' does not exist 
2020-07-07 06:28:00,799 [   1433]   INFO - com.intellij.ide.ui.UISettings - Loaded: fontSize=13, fontScale=1.0; restored: fontSize=13, fontScale=1.0 
2020-07-07 06:28:00,819 [   1453]   INFO - .history.utils.LocalHistoryLog - local history version mismatch (was: 0, expected: 6), rebuilding... 
2020-07-07 06:28:00,819 [   1453]   INFO - .history.utils.LocalHistoryLog - FS has been rebuild, rebuilding local history... 
2020-07-07 06:28:00,841 [   1475]   INFO - pl.local.NativeFileWatcherImpl - Starting file watcher: C:\Users\vjh01\.gradle\caches\modules-2\files-2.1\com.jetbrains.intellij.idea\ideaIC\2019.3.3\4c54deba9ff34a615b3072cd2def3558ff462987\ideaIC-2019.3.3\bin\win\fsnotifier64.exe 
2020-07-07 06:28:00,866 [   1500]   INFO - pl.local.NativeFileWatcherImpl - Native file watcher is operational. 
2020-07-07 06:28:00,879 [   1513]   WARN - j.internal.DebugAttachDetector - Unable to start DebugAttachDetector, please add `--add-exports java.base/jdk.internal.vm=ALL-UNNAMED` to VM options 
2020-07-07 06:28:00,892 [   1526]   INFO - rains.ide.BuiltInServerManager - built-in server started, port 63343 
2020-07-07 06:28:00,917 [   1551]   INFO - til.net.ssl.CertificateManager - Default SSL context initialized 
2020-07-07 06:28:00,959 [   1593]   INFO - gs.impl.UpdateCheckerComponent - channel: release 
2020-07-07 06:28:00,993 [   1627]   INFO - stubs.SerializationManagerImpl - Name storage is repaired 
2020-07-07 06:28:01,212 [   1846]   INFO - ij.psi.stubs.StubUpdatingIndex - Following new file types will be indexed:kotlin_builtins,Groovy,KJSM,HTML,Properties,Kotlin,CLASS,XML,DGM,KNM,JAVA,Markdown 
2020-07-07 06:28:01,497 [   2131]   INFO - pi.util.registry.RegistryValue - Registry value 'java.completion.argument.hints' has changed to 'false' 
2020-07-07 06:28:01,497 [   2131]   INFO - pi.util.registry.RegistryValue - Registry value 'java.completion.argument.hints.internal' has changed to 'false' 
2020-07-07 06:28:01,729 [   2363]   INFO - il.indexing.FileBasedIndexImpl - Indices to be rebuilt after corruption:FrameworkDetectionIndex,TodoIndex,IdIndex,FilenameIndex,filetypes,Stubs,Trigram.Index,fileIncludes,DomFileIndex,RelaxSymbolIndex,XmlTagNames,XmlNamespaces,html5.custom.attributes.index,SchemaTypeInheritance,json.file.root.values,ImageFileInfoIndex,bytecodeAnalysis,java.auto.module.name,java.source.module.name,java.null.method.argument,java.simple.property,java.fun.expression,java.binary.plus.expression,RefQueueIndex,xmlProperties,ant-imports,XsltSymbolIndex,GroovyDslFileIndex,groovy.trait.fields,groovy.trait.methods,FormClassIndex,IdeaPluginRegistrationIndex,PluginIdModuleIndex,PluginIdDependenciesIndex,devkit.ExtensionPointIndex,editorconfig.index.name,org.jetbrains.kotlin.idea.versions.KotlinJvmMetadataVersionIndex,org.jetbrains.kotlin.idea.versions.KotlinJsMetadataVersionIndex,org.jetbrains.kotlin.idea.vfilefinder.KotlinClassFileIndex,org.jetbrains.kotlin.idea.vfilefinder.KotlinJavaScriptMetaFileIndex,org.jetbrains.kotlin.idea.vfilefinder.KotlinMetadataFileIndex,org.jetbrains.kotlin.idea.vfilefinder.KotlinMetadataFilePackageIndex,org.jetbrains.kotlin.idea.vfilefinder.KotlinModuleMappingIndex,org.jetbrains.kotlin.idea.vfilefinder.KotlinPackageSourcesMemberNamesIndex,org.jetbrains.kotlin.idea.vfilefinder.KotlinJvmModuleAnnotationsIndex,org.jetbrains.kotlin.ide.konan.index.KotlinNativeMetaFileIndex,DataBindingXmlIndex,JavaFxControllerClassIndex,javafx.id.name,javafx.custom.component,yaml.keys.name 
2020-07-07 06:28:01,731 [   2365]   INFO - pl$FileIndexDataInitialization - Initialization done: 972 
2020-07-07 06:28:02,146 [   2780]   INFO - tellij.psi.stubs.StubIndexImpl - Following stub indices will be built:dom.namespaceKey,dom.elementClass,java.annotations,java.class.extlist,java.field.name,java.method.name,jvm.static.member.name,jvm.static.member.type,java.anonymous.baseref,java.method.parameter.types,java.class.shortname,java.class.fqn,java.module.name,properties.index,gr.class.fqn,gr.script.fqn,gr.field.name,gr.method.name,gr.annot.method.name,gr.annot.members,gr.script.class,gr.class.super,gr.anonymous.class,markdown.header,org.jetbrains.kotlin.idea.stubindex.KotlinExactPackagesIndex,org.jetbrains.kotlin.idea.stubindex.KotlinTopLevelClassByPackageIndex,org.jetbrains.kotlin.idea.stubindex.KotlinTopLevelFunctionByPackageIndex,org.jetbrains.kotlin.idea.stubindex.KotlinTopLevelPropertyByPackageIndex,org.jetbrains.kotlin.idea.stubindex.KotlinTopLevelTypeAliasByPackageIndex,org.jetbrains.kotlin.idea.stubindex.KotlinClassShortNameIndex,org.jetbrains.kotlin.idea.stubindex.KotlinFullClassNameIndex,org.jetbrains.kotlin.idea.stubindex.KotlinPropertyShortNameIndex,org.jetbrains.kotlin.idea.stubindex.KotlinFunctionShortNameIndex,org.jetbrains.kotlin.idea.stubindex.KotlinTypeAliasShortNameIndex,org.jetbrains.kotlin.idea.stubindex.KotlinSuperClassIndex,org.jetbrains.kotlin.idea.stubindex.KotlinTopLevelFunctionFqnNameIndex,org.jetbrains.kotlin.idea.stubindex.KotlinTopLevelPropertyFqnNameIndex,org.jetbrains.kotlin.idea.stubindex.KotlinTopLevelTypeAliasFqNameIndex,org.jetbrains.kotlin.idea.stubindex.KotlinTopLevelExtensionsByReceiverTypeIndex,org.jetbrains.kotlin.idea.stubindex.KotlinAnnotationsIndex,org.jetbrains.kotlin.idea.stubindex.KotlinProbablyNothingFunctionShortNameIndex,org.jetbrains.kotlin.idea.stubindex.KotlinProbablyNothingPropertyShortNameIndex,org.jetbrains.kotlin.idea.stubindex.KotlinProbablyContractedFunctionShortNameIndex,org.jetbrains.kotlin.idea.stubindex.KotlinFileFacadeFqNameIndex,org.jetbrains.kotlin.idea.stubindex.KotlinFilePartClassIndex,org.jetbrains.kotlin.idea.stubindex.KotlinFileFacadeClassByPackageIndex,org.jetbrains.kotlin.idea.stubindex.KotlinFileFacadeShortNameIndex,org.jetbrains.kotlin.idea.stubindex.KotlinMultifileClassPartIndex,org.jetbrains.kotlin.idea.stubindex.KotlinScriptFqnIndex,org.jetbrains.kotlin.idea.stubindex.KotlinTypeAliasByExpansionShortNameIndex,org.jetbrains.kotlin.idea.stubindex.KotlinOverridableInternalMembersShortNameIndex 
2020-07-07 06:28:02,147 [   2781]   INFO - exImpl$StubIndexInitialization - Initialization done: 415 
2020-07-07 06:28:21,788 [  22422]   INFO - rationStore.ComponentStoreImpl - Saving appDebuggerSettings took 14 ms 
2020-07-07 06:28:22,068 [  22702]   INFO - Types.impl.FileTypeManagerImpl - 0 auto-detected files. Detection took 0 ms 
2020-07-07 06:28:22,069 [  22703]   INFO - org.jetbrains.io.BuiltInServer - web server stopped 
2020-07-07 06:28:22,072 [  22706]   INFO - pl.local.NativeFileWatcherImpl - Watcher terminated with exit code 0 
2020-07-07 06:28:22,073 [  22707]   INFO - il.indexing.FileBasedIndexImpl - START INDEX SHUTDOWN 
2020-07-07 06:28:22,089 [  22723]   INFO - il.indexing.FileBasedIndexImpl - END INDEX SHUTDOWN 
2020-07-07 06:28:22,089 [  22723]   INFO - newvfs.persistent.PersistentFS - VFS dispose started 
2020-07-07 06:28:22,091 [  22725]   INFO - newvfs.persistent.PersistentFS - VFS dispose completed 
2020-07-07 06:28:22,091 [  22725]   INFO - stubs.SerializationManagerImpl - START StubSerializationManager SHUTDOWN 
2020-07-07 06:28:22,091 [  22725]   INFO - stubs.SerializationManagerImpl - END StubSerializationManager SHUTDOWN 
2020-07-07 06:28:22,093 [  22727]   INFO - plication.impl.ApplicationImpl - Write action Statistics:
Event number:     1
Total time spent: 152ms
Average duration: 152ms
Median  duration: 0ms
Max     duration: 152ms (it was 'write action (class com.intellij.openapi.projectRoots.impl.DefaultJdkConfigurator$$Lambda$501/0x00000001005a8440)') 
2020-07-07 06:28:22,094 [  22728]   INFO - plication.impl.ApplicationImpl - AnAction.update() Statistics:
Event number:     0
Total time spent: 0ms
Average duration: 0ms
Median  duration: 0ms
Max     duration: 0ms (it was 'null') 
2020-07-07 06:28:22,094 [  22728]   INFO - plication.impl.ApplicationImpl - Global instance threads created counter = 20; ProcessIOExecutorService threads: 3 
2020-07-07 06:28:22,095 [  22729]   INFO -        #com.intellij.idea.Main - ------------------------------------------------------ IDE SHUTDOWN ------------------------------------------------------ 
2020-07-07 06:28:22,099 [  22733]   INFO - org.jetbrains.io.BuiltInServer - web server stopped 
